<?xml version="1.0" encoding="UTF-8"?>
<!-- Generated by org.testng.reporters.JUnitReportReporter -->
<testsuite hostname="Naims-MacBook-Pro.local" failures="0" tests="3" name="com.crm.qa.testCases.ContactsPageTest" time="23.872" errors="0" timestamp="2022-11-05T04:37:18 EDT" skipped="0">
  <testcase classname="com.crm.qa.testCases.ContactsPageTest" name="verifyContactsPageTest" time="7.449"/>
  <system-out/>
  <testcase classname="com.crm.qa.testCases.ContactsPageTest" name="selectContactCheckBoxTest" time="8.560"/>
  <system-out/>
  <testcase classname="com.crm.qa.testCases.ContactsPageTest" name="selectMultipleContactCheckBoxTest" time="7.863"/>
  <system-out/>
</testsuite> <!-- com.crm.qa.testCases.ContactsPageTest -->
