<?xml version="1.0" encoding="UTF-8"?>
<!-- Generated by org.testng.reporters.JUnitReportReporter -->
<testsuite hostname="Naims-MacBook-Pro.local" failures="0" tests="3" name="com.crm.qa.testCases.LogInPageTest"
           time="14.236" errors="0" timestamp="2022-11-06T07:28:43 EST" skipped="0">
    <testcase classname="com.crm.qa.testCases.LogInPageTest" name="validateTitleTest" time="3.730"/>
    <system-out/>
    <testcase classname="com.crm.qa.testCases.LogInPageTest" name="crmLogoTest" time="3.707"/>
    <system-out/>
    <testcase classname="com.crm.qa.testCases.LogInPageTest" name="loginTest" time="6.799"/>
    <system-out/>
</testsuite> <!-- com.crm.qa.testCases.LogInPageTest -->
