<?xml version="1.0" encoding="UTF-8"?>
<!-- Generated by org.testng.reporters.JUnitReportReporter -->
<testsuite hostname="Naims-MacBook-Pro.local" failures="0" tests="3" name="com.crm.qa.testCases.LogInPageTest" time="16.463" errors="0" timestamp="2022-11-02T03:58:13 EDT" skipped="0">
  <testcase classname="com.crm.qa.testCases.LogInPageTest" name="validateTitleTest" time="5.543"/>
  <system-out/>
  <testcase classname="com.crm.qa.testCases.LogInPageTest" name="crmLogoTest" time="3.872"/>
  <system-out/>
  <testcase classname="com.crm.qa.testCases.LogInPageTest" name="loginTest" time="7.048"/>
  <system-out/>
</testsuite> <!-- com.crm.qa.testCases.LogInPageTest -->
