<?xml version="1.0" encoding="UTF-8"?>
<!-- Generated by org.testng.reporters.JUnitReportReporter -->
<testsuite hostname="Naims-MacBook-Pro.local" failures="0" tests="4" name="com.crm.qa.testCases.AddNewContactPageTest" time="38.864" errors="0" timestamp="2022-11-05T05:14:07 EDT" skipped="0">
  <testcase classname="com.crm.qa.testCases.AddNewContactPageTest" name="validateAddNewContactPageTitle" time="13.346"/>
  <system-out/>
  <testcase classname="com.crm.qa.testCases.AddNewContactPageTest" name="addNewContactTest" time="8.569"/>
  <system-out/>
  <testcase classname="com.crm.qa.testCases.AddNewContactPageTest" name="addNewContactTest" time="8.773"/>
  <system-out/>
  <testcase classname="com.crm.qa.testCases.AddNewContactPageTest" name="addNewContactTest" time="8.176"/>
  <system-out/>
</testsuite> <!-- com.crm.qa.testCases.AddNewContactPageTest -->
