<?xml version="1.0" encoding="UTF-8"?>
<!-- Generated by org.testng.reporters.JUnitReportReporter -->
<testsuite hostname="Naims-MacBook-Pro.local" failures="0" tests="4" name="com.crm.qa.testCases.UserHomePageTest" time="47.270" errors="0" timestamp="2022-11-04T05:51:55 EDT" skipped="0">
  <testcase classname="com.crm.qa.testCases.UserHomePageTest" name="verifyUserHomePageTitleTest" time="10.054"/>
  <system-out/>
  <testcase classname="com.crm.qa.testCases.UserHomePageTest" name="verifyUserNameLabel" time="10.012"/>
  <system-out/>
  <testcase classname="com.crm.qa.testCases.UserHomePageTest" name="contactsButtonClickTest" time="16.570"/>
  <system-out/>
  <testcase classname="com.crm.qa.testCases.UserHomePageTest" name="clickNewContactTest" time="10.634"/>
  <system-out/>
</testsuite> <!-- com.crm.qa.testCases.UserHomePageTest -->
