<?xml version="1.0" encoding="UTF-8"?>
<!-- Generated by org.testng.reporters.JUnitReportReporter -->
<testsuite hostname="Naims-MacBook-Pro.local" failures="0" tests="4" name="com.crm.qa.testCases.UserHomePageTest" time="50.731" errors="0" timestamp="2022-11-05T04:37:18 EDT" skipped="0">
  <testcase classname="com.crm.qa.testCases.UserHomePageTest" name="verifyUserHomePageTitleTest" time="10.024"/>
  <system-out/>
  <testcase classname="com.crm.qa.testCases.UserHomePageTest" name="verifyUserNameLabel" time="9.736"/>
  <system-out/>
  <testcase classname="com.crm.qa.testCases.UserHomePageTest" name="contactsButtonClickTest" time="19.942"/>
  <system-out/>
  <testcase classname="com.crm.qa.testCases.UserHomePageTest" name="clickNewContactTest" time="11.029"/>
  <system-out/>
</testsuite> <!-- com.crm.qa.testCases.UserHomePageTest -->
