<?xml version="1.0" encoding="UTF-8"?>
<!-- Generated by org.testng.reporters.JUnitReportReporter -->
<testsuite hostname="Naims-MacBook-Pro.local" failures="0" tests="3" name="com.crm.qa.testCases.LogInPageTest" time="14.138" errors="0" timestamp="2022-11-06T08:29:16 EST" skipped="0">
  <testcase classname="com.crm.qa.testCases.LogInPageTest" name="validateTitleTest" time="3.542"/>
  <system-out/>
  <testcase classname="com.crm.qa.testCases.LogInPageTest" name="crmLogoTest" time="3.548"/>
  <system-out/>
  <testcase classname="com.crm.qa.testCases.LogInPageTest" name="loginTest" time="7.048"/>
  <system-out/>
</testsuite> <!-- com.crm.qa.testCases.LogInPageTest -->
