<?xml version="1.0" encoding="UTF-8"?>
<!-- Generated by org.testng.reporters.JUnitReportReporter -->
<testsuite hostname="Naims-MacBook-Pro.local" failures="0" tests="3" name="com.crm.qa.testCases.UserHomePageTest" time="32.019" errors="0" timestamp="2022-11-03T06:05:08 EDT" skipped="0">
  <testcase classname="com.crm.qa.testCases.UserHomePageTest" name="verifyUserHomePageTitleTest" time="11.225"/>
  <system-out/>
  <testcase classname="com.crm.qa.testCases.UserHomePageTest" name="verifyUserNameLabel" time="10.399"/>
  <system-out/>
  <testcase classname="com.crm.qa.testCases.UserHomePageTest" name="contactsButtonClickTest" time="10.395"/>
  <system-out/>
</testsuite> <!-- com.crm.qa.testCases.UserHomePageTest -->
