<?xml version="1.0" encoding="UTF-8"?>
<!-- Generated by org.testng.reporters.JUnitReportReporter -->
<testsuite hostname="Naims-MacBook-Pro.local" failures="0" tests="3" name="com.crm.qa.testCases.LogInPageTest" time="16.306" errors="0" timestamp="2022-11-03T07:06:42 EDT" skipped="0">
  <testcase classname="com.crm.qa.testCases.LogInPageTest" name="validateTitleTest" time="5.618"/>
  <system-out/>
  <testcase classname="com.crm.qa.testCases.LogInPageTest" name="crmLogoTest" time="3.599"/>
  <system-out/>
  <testcase classname="com.crm.qa.testCases.LogInPageTest" name="loginTest" time="7.089"/>
  <system-out/>
</testsuite> <!-- com.crm.qa.testCases.LogInPageTest -->
