<?xml version="1.0" encoding="UTF-8"?>
<!-- Generated by org.testng.reporters.JUnitReportReporter -->
<testsuite hostname="Naims-MacBook-Pro.local" failures="0" tests="4" name="com.crm.qa.testCases.UserHomePageTest"
           time="47.131" errors="0" timestamp="2022-11-06T07:28:43 EST" skipped="0">
    <testcase classname="com.crm.qa.testCases.UserHomePageTest" name="verifyUserHomePageTitleTest" time="9.612"/>
    <system-out/>
    <testcase classname="com.crm.qa.testCases.UserHomePageTest" name="verifyUserNameLabel" time="9.840"/>
    <system-out/>
    <testcase classname="com.crm.qa.testCases.UserHomePageTest" name="contactsButtonClickTest" time="10.302"/>
    <system-out/>
    <testcase classname="com.crm.qa.testCases.UserHomePageTest" name="clickNewContactTest" time="17.377"/>
    <system-out/>
</testsuite> <!-- com.crm.qa.testCases.UserHomePageTest -->
