<?xml version="1.0" encoding="UTF-8"?>
<!-- Generated by org.testng.reporters.JUnitReportReporter -->
<testsuite hostname="Naims-MacBook-Pro.local" failures="0" tests="4" name="com.crm.qa.testCases.UserHomePageTest" time="47.455" errors="0" timestamp="2022-11-06T08:29:16 EST" skipped="0">
  <testcase classname="com.crm.qa.testCases.UserHomePageTest" name="verifyUserHomePageTitleTest" time="9.793"/>
  <system-out/>
  <testcase classname="com.crm.qa.testCases.UserHomePageTest" name="verifyUserNameLabel" time="9.900"/>
  <system-out/>
  <testcase classname="com.crm.qa.testCases.UserHomePageTest" name="contactsButtonClickTest" time="10.372"/>
  <system-out/>
  <testcase classname="com.crm.qa.testCases.UserHomePageTest" name="clickNewContactTest" time="17.390"/>
  <system-out/>
</testsuite> <!-- com.crm.qa.testCases.UserHomePageTest -->
