<?xml version="1.0" encoding="UTF-8"?>
<!-- Generated by org.testng.reporters.JUnitReportReporter -->
<testsuite hostname="Naims-MacBook-Pro.local" failures="0" tests="4" name="com.crm.qa.testCases.UserHomePageTest" time="43.796" errors="0" timestamp="2022-11-03T07:16:41 EDT" skipped="0">
  <testcase classname="com.crm.qa.testCases.UserHomePageTest" name="verifyUserHomePageTitleTest" time="10.298"/>
  <system-out/>
  <testcase classname="com.crm.qa.testCases.UserHomePageTest" name="verifyUserNameLabel" time="10.513"/>
  <system-out/>
  <testcase classname="com.crm.qa.testCases.UserHomePageTest" name="contactsButtonClickTest" time="11.981"/>
  <system-out/>
  <testcase classname="com.crm.qa.testCases.UserHomePageTest" name="clickNewContactTest" time="11.004"/>
  <system-out/>
</testsuite> <!-- com.crm.qa.testCases.UserHomePageTest -->
