<?xml version="1.0" encoding="UTF-8"?>
<!-- Generated by org.testng.reporters.JUnitReportReporter -->
<testsuite hostname="Naims-MacBook-Pro.local" failures="0" tests="3" name="com.crm.qa.testCases.ContactsPageTest" time="31.180" errors="0" timestamp="2022-11-03T08:25:08 EDT" skipped="0">
  <testcase classname="com.crm.qa.testCases.ContactsPageTest" name="verifyContactsPageTest" time="10.306"/>
  <system-out/>
  <testcase classname="com.crm.qa.testCases.ContactsPageTest" name="selectContactCheckBoxTest" time="10.535"/>
  <system-out/>
  <testcase classname="com.crm.qa.testCases.ContactsPageTest" name="selectMultipleContactCheckBoxTest" time="10.339"/>
  <system-out/>
</testsuite> <!-- com.crm.qa.testCases.ContactsPageTest -->
