<?xml version="1.0" encoding="UTF-8"?>
<!-- Generated by org.testng.reporters.JUnitReportReporter -->
<testsuite hostname="Naims-MacBook-Pro.local" failures="0" tests="3" name="com.crm.qa.testCases.LogInPageTest" time="14.050" errors="0" timestamp="2022-11-05T04:37:18 EDT" skipped="0">
  <testcase classname="com.crm.qa.testCases.LogInPageTest" name="validateTitleTest" time="3.828"/>
  <system-out/>
  <testcase classname="com.crm.qa.testCases.LogInPageTest" name="crmLogoTest" time="3.536"/>
  <system-out/>
  <testcase classname="com.crm.qa.testCases.LogInPageTest" name="loginTest" time="6.686"/>
  <system-out/>
</testsuite> <!-- com.crm.qa.testCases.LogInPageTest -->
