<?xml version="1.0" encoding="UTF-8"?>
<!-- Generated by org.testng.reporters.JUnitReportReporter -->
<testsuite hostname="Naims-MacBook-Pro.local" failures="0" tests="4" name="com.crm.qa.testCases.AddNewContactPageTest"
           time="34.963" errors="0" timestamp="2022-11-06T07:28:43 EST" skipped="0">
    <testcase classname="com.crm.qa.testCases.AddNewContactPageTest" name="validateAddNewContactPageTitle"
              time="7.632"/>
    <system-out/>
    <testcase classname="com.crm.qa.testCases.AddNewContactPageTest" name="addNewContactTest" time="9.217"/>
    <system-out/>
    <testcase classname="com.crm.qa.testCases.AddNewContactPageTest" name="addNewContactTest" time="9.146"/>
    <system-out/>
    <testcase classname="com.crm.qa.testCases.AddNewContactPageTest" name="addNewContactTest" time="8.968"/>
    <system-out/>
</testsuite> <!-- com.crm.qa.testCases.AddNewContactPageTest -->
