<?xml version="1.0" encoding="UTF-8"?>
<!-- Generated by org.testng.reporters.JUnitReportReporter -->
<testsuite hostname="Naims-MacBook-Pro.local" failures="0" tests="3" name="com.crm.qa.testCases.LogInPageTest" time="14.435" errors="0" timestamp="2022-11-04T05:51:55 EDT" skipped="0">
  <testcase classname="com.crm.qa.testCases.LogInPageTest" name="validateTitleTest" time="3.653"/>
  <system-out/>
  <testcase classname="com.crm.qa.testCases.LogInPageTest" name="crmLogoTest" time="3.784"/>
  <system-out/>
  <testcase classname="com.crm.qa.testCases.LogInPageTest" name="loginTest" time="6.998"/>
  <system-out/>
</testsuite> <!-- com.crm.qa.testCases.LogInPageTest -->
