<?xml version="1.0" encoding="UTF-8"?>
<!-- Generated by org.testng.reporters.JUnitReportReporter -->
<testsuite hostname="Naims-MacBook-Pro.local" failures="0" tests="4" name="com.crm.qa.testCases.AddNewContactPageTest" time="35.551" errors="0" timestamp="2022-11-04T05:51:55 EDT" skipped="0">
  <testcase classname="com.crm.qa.testCases.AddNewContactPageTest" name="validateAddNewContactPageTitle" time="8.323"/>
  <system-out/>
  <testcase classname="com.crm.qa.testCases.AddNewContactPageTest" name="addNewContactTest" time="9.033"/>
  <system-out/>
  <testcase classname="com.crm.qa.testCases.AddNewContactPageTest" name="addNewContactTest" time="8.855"/>
  <system-out/>
  <testcase classname="com.crm.qa.testCases.AddNewContactPageTest" name="addNewContactTest" time="9.340"/>
  <system-out/>
</testsuite> <!-- com.crm.qa.testCases.AddNewContactPageTest -->
