<?xml version="1.0" encoding="UTF-8"?>
<!-- Generated by org.testng.reporters.JUnitReportReporter -->
<testsuite hostname="Naims-MacBook-Pro.local" failures="0" tests="4" name="com.crm.qa.testCases.AddNewContactPageTest" time="32.538" errors="0" timestamp="2022-11-06T08:29:16 EST" skipped="0">
  <testcase classname="com.crm.qa.testCases.AddNewContactPageTest" name="validateAddNewContactPageTitle" time="7.308"/>
  <system-out/>
  <testcase classname="com.crm.qa.testCases.AddNewContactPageTest" name="addNewContactTest" time="8.437"/>
  <system-out/>
  <testcase classname="com.crm.qa.testCases.AddNewContactPageTest" name="addNewContactTest" time="8.340"/>
  <system-out/>
  <testcase classname="com.crm.qa.testCases.AddNewContactPageTest" name="addNewContactTest" time="8.453"/>
  <system-out/>
</testsuite> <!-- com.crm.qa.testCases.AddNewContactPageTest -->
